<?xml version="1.0" encoding="UTF-8"?>
<!-- Generated by org.testng.reporters.JUnitXMLReporter -->
<testsuite ignored="0" hostname="ITT-MUTHYA-S-S" failures="0" tests="6" name="Surefire test" time="91.414" errors="0" timestamp="2026-02-18T19:35:45 IST">
  <testcase classname="TestApplication.ShoppingApplicationTest" name="testUserLogin" time="1.566"/>
  <testcase classname="TestApplication.ShoppingApplicationTest" name="testAddProductToCart" time="4.306"/>
  <testcase classname="TestApplication.ShoppingApplicationTest" name="testFilterByPrice" time="3.62"/>
  <testcase classname="TestApplication.ShoppingApplicationTest" name="testCompleteCheckoutFlow" time="8.281"/>
  <testcase classname="TestApplication.ShoppingApplicationTest" name="testViewOrderHistory" time="9.286"/>
  <testcase classname="TestApplication.ShoppingApplicationTest" name="testOrderHistoryNotEmpty" time="10.506"/>
</testsuite> <!-- Surefire test -->
