<?xml version="1.0" encoding="UTF-8"?>
<!-- Generated by org.testng.reporters.JUnitReportReporter -->
<testsuite hostname="ITT-MUTHYA-S-S" failures="0" tests="6" name="TestApplication.ShoppingApplicationTest" time="91.282" errors="0" timestamp="2026-02-18T19:35:46 IST" skipped="0">
  <testcase classname="TestApplication.ShoppingApplicationTest" name="testUserLogin" time="10.514"/>
  <testcase classname="TestApplication.ShoppingApplicationTest" name="testAddProductToCart" time="11.857"/>
  <testcase classname="TestApplication.ShoppingApplicationTest" name="testFilterByPrice" time="15.387"/>
  <testcase classname="TestApplication.ShoppingApplicationTest" name="testCompleteCheckoutFlow" time="17.214"/>
  <testcase classname="TestApplication.ShoppingApplicationTest" name="testViewOrderHistory" time="17.698"/>
  <testcase classname="TestApplication.ShoppingApplicationTest" name="testOrderHistoryNotEmpty" time="18.612"/>
</testsuite> <!-- TestApplication.ShoppingApplicationTest -->
