<?xml version="1.0" encoding="UTF-8"?>
<testsuite xmlns:xsi="http://www.w3.org/2001/XMLSchema-instance" xsi:noNamespaceSchemaLocation="https://maven.apache.org/surefire/maven-surefire-plugin/xsd/surefire-test-report-3.0.xsd" version="3.0" name="TestApplication.ShoppingApplicationTest" time="93.015" tests="6" errors="0" skipped="0" failures="0">
  <properties>
[...]
</properties>
  <testcase name="testUserLogin" classname="TestApplication.ShoppingApplicationTest" time="1.598">
    <system-out><![CDATA[User login successful
]]></system-out>
    <system-err><![CDATA[SLF4J(W): No SLF4J providers were found.
SLF4J(W): Defaulting to no-operation (NOP) logger implementation
SLF4J(W): See https://www.slf4j.org/codes.html#noProviders for further details.
]]></system-err>
  </testcase>
  <testcase name="testAddProductToCart" classname="TestApplication.ShoppingApplicationTest" time="4.315">
    <system-out><![CDATA[Product added to cart: iphone 13 pro
]]></system-out>
  </testcase>
  <testcase name="testFilterByPrice" classname="TestApplication.ShoppingApplicationTest" time="3.642">
    <system-out><![CDATA[Price filter applied successfully
]]></system-out>
  </testcase>
  <testcase name="testCompleteCheckoutFlow" classname="TestApplication.ShoppingApplicationTest" time="8.294">
    <system-out><![CDATA[Order placed successfully
]]></system-out>
  </testcase>
  <testcase name="testViewOrderHistory" classname="TestApplication.ShoppingApplicationTest" time="9.32">
    <system-out><![CDATA[Order history page accessed successfully
]]></system-out>
  </testcase>
  <testcase name="testOrderHistoryNotEmpty" classname="TestApplication.ShoppingApplicationTest" time="10.512">
    <system-out><![CDATA[Order history contains 7 order(s)
]]></system-out>
  </testcase>
</testsuite>